<?xml version="1.0" encoding="UTF-8"?>
<!-- Generated by org.testng.reporters.JUnitReportReporter -->
<testsuite hostname="DESKTOP-2KHENJU" failures="0" tests="1" name="Mypackage.APITest" time="0.009" errors="0" timestamp="2021-07-02T14:58:53 CDT" skipped="0">
  <testcase classname="Mypackage.APITest" name="apiTest" time="0.009"/>
  <system-out/>
</testsuite> <!-- Mypackage.APITest -->
