<?xml version="1.0" encoding="UTF-8"?>
<!-- Generated by org.testng.reporters.JUnitReportReporter -->
<testsuite hostname="DESKTOP-2KHENJU" failures="0" tests="1" name="Mypackage.SelinumTest" time="0.001" errors="0" timestamp="2021-07-02T14:58:53 CDT" skipped="0">
  <testcase classname="Mypackage.SelinumTest" name="selenuimtest" time="0.001"/>
  <system-out/>
</testsuite> <!-- Mypackage.SelinumTest -->
